2022-09-07 10:31:26,928 : INFO: logger_creator: data_preprocess: show_data_info: Displaying data Information
2022-09-07 10:33:45,399 : INFO: logger_creator: data_preprocess: show_data_info: Displaying data Information
2022-09-07 10:33:45,399 : INFO: logger_creator: data_preprocess: show_data_info: Displaying data Information
2022-09-07 10:33:45,399 : INFO: logger_creator: data_preprocess: show_data_info: Displaying data Information
2022-09-07 10:33:45,399 : INFO: logger_creator: data_preprocess: show_data_info: Displaying data Information
2022-09-07 10:34:49,318 : INFO: logger_creator: data_preprocess: show_data_info: Displaying data Information
2022-09-07 10:34:49,318 : INFO: logger_creator: data_preprocess: show_data_info: Displaying data Information
2022-09-07 10:34:49,318 : INFO: logger_creator: data_preprocess: show_data_info: Displaying data Information
2022-09-07 10:34:49,318 : INFO: logger_creator: data_preprocess: show_data_info: Displaying data Information
2022-09-07 10:34:49,318 : INFO: logger_creator: data_preprocess: show_data_info: Displaying data Information
2022-09-07 10:34:49,318 : INFO: logger_creator: data_preprocess: show_data_info: Displaying data Information
2022-09-07 10:36:36,430 : INFO: logger_creator: data_preprocess: colums_WithMissingValue: Colums with missing values: ['CompetitionDistance', 'CompetitionOpenSinceMonth', 'CompetitionOpenSinceYear', 'Promo2SinceWeek', 'Promo2SinceYear', 'PromoInterval']
2022-09-07 10:36:36,430 : INFO: logger_creator: data_preprocess: colums_WithMissingValue: Colums with missing values: ['CompetitionDistance', 'CompetitionOpenSinceMonth', 'CompetitionOpenSinceYear', 'Promo2SinceWeek', 'Promo2SinceYear', 'PromoInterval']
2022-09-07 10:36:36,430 : INFO: logger_creator: data_preprocess: colums_WithMissingValue: Colums with missing values: ['CompetitionDistance', 'CompetitionOpenSinceMonth', 'CompetitionOpenSinceYear', 'Promo2SinceWeek', 'Promo2SinceYear', 'PromoInterval']
2022-09-07 10:36:36,430 : INFO: logger_creator: data_preprocess: colums_WithMissingValue: Colums with missing values: ['CompetitionDistance', 'CompetitionOpenSinceMonth', 'CompetitionOpenSinceYear', 'Promo2SinceWeek', 'Promo2SinceYear', 'PromoInterval']
2022-09-07 10:36:36,430 : INFO: logger_creator: data_preprocess: colums_WithMissingValue: Colums with missing values: ['CompetitionDistance', 'CompetitionOpenSinceMonth', 'CompetitionOpenSinceYear', 'Promo2SinceWeek', 'Promo2SinceYear', 'PromoInterval']
2022-09-07 10:36:36,430 : INFO: logger_creator: data_preprocess: colums_WithMissingValue: Colums with missing values: ['CompetitionDistance', 'CompetitionOpenSinceMonth', 'CompetitionOpenSinceYear', 'Promo2SinceWeek', 'Promo2SinceYear', 'PromoInterval']
2022-09-07 10:37:37,159 : INFO: logger_creator: data_preprocess: colums_WithMissingValue: Colums with missing values: []
2022-09-07 10:37:37,159 : INFO: logger_creator: data_preprocess: colums_WithMissingValue: Colums with missing values: []
2022-09-07 10:37:37,159 : INFO: logger_creator: data_preprocess: colums_WithMissingValue: Colums with missing values: []
2022-09-07 10:37:37,159 : INFO: logger_creator: data_preprocess: colums_WithMissingValue: Colums with missing values: []
2022-09-07 10:37:37,159 : INFO: logger_creator: data_preprocess: colums_WithMissingValue: Colums with missing values: []
2022-09-07 10:37:37,159 : INFO: logger_creator: data_preprocess: colums_WithMissingValue: Colums with missing values: []
2022-09-07 10:40:47,775 : INFO: logger_creator: data_preprocess: colums_WithMissingValue: Colums with missing values: ['Open']
2022-09-07 10:40:47,775 : INFO: logger_creator: data_preprocess: colums_WithMissingValue: Colums with missing values: ['Open']
2022-09-07 10:40:47,775 : INFO: logger_creator: data_preprocess: colums_WithMissingValue: Colums with missing values: ['Open']
2022-09-07 10:40:47,775 : INFO: logger_creator: data_preprocess: colums_WithMissingValue: Colums with missing values: ['Open']
2022-09-07 10:40:47,775 : INFO: logger_creator: data_preprocess: colums_WithMissingValue: Colums with missing values: ['Open']
2022-09-07 10:40:47,775 : INFO: logger_creator: data_preprocess: colums_WithMissingValue: Colums with missing values: ['Open']
2022-09-07 10:42:16,475 : INFO: logger_creator: data_preprocess: get_column_based_missing_percentage: Showing missing percentage
2022-09-07 10:42:16,475 : INFO: logger_creator: data_preprocess: get_column_based_missing_percentage: Showing missing percentage
2022-09-07 10:42:16,475 : INFO: logger_creator: data_preprocess: get_column_based_missing_percentage: Showing missing percentage
2022-09-07 10:42:16,475 : INFO: logger_creator: data_preprocess: get_column_based_missing_percentage: Showing missing percentage
2022-09-07 10:42:16,475 : INFO: logger_creator: data_preprocess: get_column_based_missing_percentage: Showing missing percentage
2022-09-07 10:42:16,475 : INFO: logger_creator: data_preprocess: get_column_based_missing_percentage: Showing missing percentage
2022-09-07 10:45:47,941 : INFO: logger_creator: data_preprocess: get_column_based_missing_percentage: Showing missing percentage
2022-09-07 10:45:47,941 : INFO: logger_creator: data_preprocess: get_column_based_missing_percentage: Showing missing percentage
2022-09-07 10:45:47,941 : INFO: logger_creator: data_preprocess: get_column_based_missing_percentage: Showing missing percentage
2022-09-07 10:45:47,941 : INFO: logger_creator: data_preprocess: get_column_based_missing_percentage: Showing missing percentage
2022-09-07 10:45:47,941 : INFO: logger_creator: data_preprocess: get_column_based_missing_percentage: Showing missing percentage
2022-09-07 10:45:47,941 : INFO: logger_creator: data_preprocess: get_column_based_missing_percentage: Showing missing percentage
2022-09-07 10:46:20,280 : INFO: logger_creator: data_preprocess: get_column_based_missing_percentage: Showing missing percentage
2022-09-07 10:46:20,280 : INFO: logger_creator: data_preprocess: get_column_based_missing_percentage: Showing missing percentage
2022-09-07 10:46:20,280 : INFO: logger_creator: data_preprocess: get_column_based_missing_percentage: Showing missing percentage
2022-09-07 10:46:20,280 : INFO: logger_creator: data_preprocess: get_column_based_missing_percentage: Showing missing percentage
2022-09-07 10:46:20,280 : INFO: logger_creator: data_preprocess: get_column_based_missing_percentage: Showing missing percentage
2022-09-07 10:46:20,280 : INFO: logger_creator: data_preprocess: get_column_based_missing_percentage: Showing missing percentage
2022-09-07 10:46:52,381 : INFO: logger_creator: data_preprocess: get_column_based_missing_percentage: Showing missing percentage
2022-09-07 10:46:52,381 : INFO: logger_creator: data_preprocess: get_column_based_missing_percentage: Showing missing percentage
2022-09-07 10:46:52,381 : INFO: logger_creator: data_preprocess: get_column_based_missing_percentage: Showing missing percentage
2022-09-07 10:46:52,381 : INFO: logger_creator: data_preprocess: get_column_based_missing_percentage: Showing missing percentage
2022-09-07 10:46:52,381 : INFO: logger_creator: data_preprocess: get_column_based_missing_percentage: Showing missing percentage
2022-09-07 10:46:52,381 : INFO: logger_creator: data_preprocess: get_column_based_missing_percentage: Showing missing percentage
2022-09-07 10:49:40,445 : INFO: logger_creator: data_preprocess: get_column_based_missing_percentage: Showing missing percentage
2022-09-07 10:49:40,445 : INFO: logger_creator: data_preprocess: get_column_based_missing_percentage: Showing missing percentage
2022-09-07 10:49:40,445 : INFO: logger_creator: data_preprocess: get_column_based_missing_percentage: Showing missing percentage
2022-09-07 10:49:40,445 : INFO: logger_creator: data_preprocess: get_column_based_missing_percentage: Showing missing percentage
2022-09-07 10:49:40,445 : INFO: logger_creator: data_preprocess: get_column_based_missing_percentage: Showing missing percentage
2022-09-07 10:49:40,445 : INFO: logger_creator: data_preprocess: get_column_based_missing_percentage: Showing missing percentage
